<?xml version="1.0" encoding="UTF-8" ?>
<testsuite tests="2" failures="0" name="com.assess.runner.TestCaseRunner" time="56.36" errors="0" skipped="0">
  <properties>
[...]
</properties>
  <testcase classname="Order a Tshirt and Update Personal Information functionalities of automationpractice web application" name="Test scenario 1 : Order T-Shirt" time="34.647"/>
  <testcase classname="Order a Tshirt and Update Personal Information functionalities of automationpractice web application" name="Test Scenario 2 : Update First Name in My Account" time="21.713"/>
</testsuite>